============
Pagina:0
Tamanho:100
936228
============
Pagina:0
Tamanho:200
1872457
============
Pagina:0
Tamanho:300
2808685
============
Pagina:0
Tamanho:400
3744914
============
Pagina:0
Tamanho:500
4681142
============
Pagina:1000
Tamanho:100
936228
Gravação:2
Leitura:0
============
Pagina:1000
Tamanho:200
1872457
Gravação:4
Leitura:0
============
Pagina:1000
Tamanho:300
2808685
Gravação:7
Leitura:1
============
Pagina:1000
Tamanho:400
3744914
Gravação:9
Leitura:0
============
Pagina:1000
Tamanho:500
4681142
Gravação:12
Leitura:1
============
Pagina:10000
Tamanho:100
936228
Gravação:2
Leitura:0
============
Pagina:10000
Tamanho:200
1872457
Gravação:4
Leitura:0
============
Pagina:10000
Tamanho:300
2808685
Gravação:7
Leitura:1
============
Pagina:10000
Tamanho:400
3744914
Gravação:8
Leitura:1
============
Pagina:10000
Tamanho:500
4681142
Gravação:12
Leitura:0
============
Pagina:100000
Tamanho:100
936228
Gravação:2
Leitura:0
============
Pagina:100000
Tamanho:200
1872457
Gravação:4
Leitura:0
============
Pagina:100000
Tamanho:300
2808685
Gravação:7
Leitura:1
============
Pagina:100000
Tamanho:400
3744914
Gravação:8
Leitura:0
============
Pagina:100000
Tamanho:500
4681142
Gravação:11
Leitura:0
============
Pagina:0
Tamanho:100
936228
============
Pagina:0
Tamanho:200
1872457
============
Pagina:0
Tamanho:300
2808685
============
Pagina:0
Tamanho:400
3744914
============
Pagina:0
Tamanho:500
4681142
